2014-08-02 20:05:20,679 INFO ======= Starting render manager =======
2014-08-02 20:05:26,623 INFO Loading workspace from user directory /home/tom/Downloads/workspace.mel
2014-08-02 20:05:26,624 INFO Workspace file exists
2014-08-02 20:05:26,625 INFO Reading file...
2014-08-02 20:05:26,625 INFO Checking for "images" entry...
2014-08-02 20:05:26,653 INFO Success on line 54 : workspace -fr "images" "D:/images";

2014-08-02 20:05:26,654 INFO Using output directory D:/images
2014-08-02 20:05:26,654 INFO Relative path detected, expanding to /home/tom/Downloads/D:/images
2014-08-02 20:05:26,655 INFO Loading hosts from /home/tom/.rendermanager/hostMachines
2014-08-02 20:05:26,655 ERROR Error <type 'type'> : Hosts file '/home/tom/.rendermanager/hostMachines' contains no hosts
Traceback (most recent call last):
  File "RenderManagerUI.py", line 184, in __init__
    raise IOError("Hosts file '%s' contains no hosts" % hostsDir)
IOError: Hosts file '/home/tom/.rendermanager/hostMachines' contains no hosts
2014-08-02 20:05:29,064 INFO Building interface...
2014-08-02 20:05:37,172 ERROR Error <type 'type'> : Please enter valid host
None
2014-08-02 20:05:42,673 INFO Application closing...
2014-08-02 20:05:42,674 INFO Waiting for background thread to complete
2014-08-02 20:05:42,674 INFO ======= Finished ======= 
2014-08-02 20:05:42,768 INFO Update thread closing...
2014-08-02 20:05:42,768 INFO All jobs closed, terminating thread
